<?xml version="1.0" encoding="UTF-8"?>
<!-- Generated by org.testng.reporters.JUnitReportReporter -->
<testsuite hostname="Chandra" failures="0" tests="4" name="com.qa.Tests.AllControlsDashboardTest" time="24.387" errors="0" timestamp="2025-08-17T18:41:22 PDT" skipped="0">
  <testcase classname="com.qa.Tests.AllControlsDashboardTest" name="inputDiffControls" time="7.329"/>
  <testcase classname="com.qa.Tests.AllControlsDashboardTest" name="inputDiffControls" time="7.104"/>
  <testcase classname="com.qa.Tests.AllControlsDashboardTest" name="inputDiffControls" time="6.667"/>
  <testcase classname="com.qa.Tests.AllControlsDashboardTest" name="Login" time="3.287"/>
</testsuite> <!-- com.qa.Tests.AllControlsDashboardTest -->
