<?xml version="1.0" encoding="UTF-8"?>
<!-- Generated by org.testng.reporters.JUnitReportReporter -->
<testsuite hostname="Chandra" failures="0" tests="1" name="com.qa.Tests.AllControlsLogin" time="3.769" errors="0" timestamp="2025-08-17T18:41:22 PDT" skipped="0">
  <testcase classname="com.qa.Tests.AllControlsLogin" name="inputSimpleControls" time="3.769"/>
</testsuite> <!-- com.qa.Tests.AllControlsLogin -->
