<?xml version="1.0" encoding="UTF-8"?>
<!-- Generated by org.testng.reporters.JUnitReportReporter -->
<testsuite hostname="Chandra" failures="0" tests="3" name="com.qa.Tests.LoginTest" time="38.726" errors="0" timestamp="2025-08-17T18:41:22 PDT" skipped="0">
  <testcase classname="com.qa.Tests.LoginTest" name="onionToolWebTitle" time="7.702"/>
  <testcase classname="com.qa.Tests.LoginTest" name="forgotPasswordLinkExists" time="12.433"/>
  <testcase classname="com.qa.Tests.LoginTest" name="userLoginTest" time="18.591"/>
</testsuite> <!-- com.qa.Tests.LoginTest -->
