<?xml version="1.0" encoding="UTF-8"?>
<!-- Generated by org.testng.reporters.JUnitReportReporter -->
<testsuite hostname="Chandra" failures="0" tests="1" name="com.qa.Tests.AllControls" time="24.921" errors="0" timestamp="2025-08-16T20:39:01 PDT" skipped="0">
  <testcase classname="com.qa.Tests.AllControls" name="inputSimpleControls" time="24.921"/>
</testsuite> <!-- com.qa.Tests.AllControls -->
